\BOOKMARK [1][-]{section.1}{ABSTRACT}{}% 1
\BOOKMARK [1][-]{section.2}{INTRODUCCI\323N Y OBJETIVOS}{}% 2
\BOOKMARK [1][-]{section.3}{FANFICTION Y ARCHIVE OF OUR OWN}{}% 3
\BOOKMARK [1][-]{section.4}{EXTRACCI\323N DE INFORMACI\323N EN OTROS TRABAJOS}{}% 4
\BOOKMARK [1][-]{section.5}{RECOGIDA Y LIMPIEZA DE DATOS}{}% 5
\BOOKMARK [2][-]{subsection.5.1}{Creando un scraper para Archive of our Own}{section.5}% 6
\BOOKMARK [2][-]{subsection.5.2}{Limpieza de datos y creaci\363n de datasets}{section.5}% 7
\BOOKMARK [1][-]{section.6}{EXTRACCI\323N DE DATOS A PARTIR DE TEXTO}{}% 8
\BOOKMARK [2][-]{subsection.6.1}{Algoritmo de identificaci\363n de entidades}{section.6}% 9
\BOOKMARK [3][-]{subsubsection.6.1.1}{Extracci\363n de entidades con NLTK}{subsection.6.1}% 10
\BOOKMARK [3][-]{subsubsection.6.1.2}{Extracci\363n de entidades con CoreNLP}{subsection.6.1}% 11
\BOOKMARK [2][-]{subsection.6.2}{Algoritmo de identificaci\363n de relaciones}{section.6}% 12
\BOOKMARK [3][-]{subsubsection.6.2.1}{Primeras estrategias: Clustering y LDA}{subsection.6.2}% 13
\BOOKMARK [3][-]{subsubsection.6.2.2}{Correferencia con CoreNLP}{subsection.6.2}% 14
\BOOKMARK [1][-]{section.7}{PROGRAMA PRINCIPAL: fic\137character\137extractor }{}% 15
\BOOKMARK [1][-]{section.8}{EVALUACI\323N DEL SISTEMA}{}% 16
\BOOKMARK [2][-]{subsection.8.1}{Prueba 1: Funciones b\341sicas del programa con un texto largo \(Fanfic 9\)}{section.8}% 17
\BOOKMARK [2][-]{subsection.8.2}{Prueba 2: G\351nero distinto del canon \(Fanfic 2856\)}{section.8}% 18
\BOOKMARK [2][-]{subsection.8.3}{Prueba 3: Personajes que no son nombrados \(Fanfic 2163\)}{section.8}% 19
\BOOKMARK [1][-]{section.9}{CONCLUSIONES}{}% 20
\BOOKMARK [1][-]{section.10}{REFERENCIAS}{}% 21
